c:\projects\artistic_work\tlx\mwgui\x64\debug\vc142.pdb
c:\projects\artistic_work\tlx\mwgui\x64\debug\moc_main_window.obj
c:\projects\artistic_work\tlx\mwgui\x64\debug\main.obj
c:\projects\artistic_work\tlx\mwgui\x64\debug\main_window.obj
c:\projects\artistic_work\tlx\x64\debug\mwgui.ilk
c:\projects\artistic_work\tlx\x64\debug\mwgui.exe
c:\projects\artistic_work\tlx\x64\debug\mwgui.pdb
c:\projects\artistic_work\tlx\mwgui\x64\debug\moc\moc_main_window.cpp
c:\projects\artistic_work\tlx\mwgui\x64\debug\uic\ui_main_window.h
c:\projects\artistic_work\tlx\mwgui\x64\debug\mwgui.tlog\cl.command.1.tlog
c:\projects\artistic_work\tlx\mwgui\x64\debug\mwgui.tlog\cl.read.1.tlog
c:\projects\artistic_work\tlx\mwgui\x64\debug\mwgui.tlog\cl.write.1.tlog
c:\projects\artistic_work\tlx\mwgui\x64\debug\mwgui.tlog\link.command.1.tlog
c:\projects\artistic_work\tlx\mwgui\x64\debug\mwgui.tlog\link.read.1.tlog
c:\projects\artistic_work\tlx\mwgui\x64\debug\mwgui.tlog\link.write.1.tlog
c:\projects\artistic_work\tlx\mwgui\x64\debug\mwgui.tlog\moc.read.1u.tlog
c:\projects\artistic_work\tlx\mwgui\x64\debug\mwgui.tlog\moc.write.1u.tlog
c:\projects\artistic_work\tlx\mwgui\x64\debug\mwgui.tlog\mwgui.write.1u.tlog
c:\projects\artistic_work\tlx\mwgui\x64\debug\mwgui.tlog\uic.read.1u.tlog
c:\projects\artistic_work\tlx\mwgui\x64\debug\mwgui.tlog\uic.write.1u.tlog
